2019-10-19 06:59:22,049  INFO [main] nopcommerce:39 - ********* Launching browser***************
2019-10-19 06:59:22,115  INFO [main] nopcommerce:45 - ********* Opening URL***************
2019-10-19 06:59:26,022  INFO [main] nopcommerce:53 - ********* Proving user info ***************
2019-10-19 06:59:36,257  INFO [main] nopcommerce:67 - *********Login Validation starts ***************
2019-10-19 06:59:36,653  INFO [main] nopcommerce:76 - *********Login successfull ***************
2019-10-19 06:59:39,675  INFO [main] nopcommerce:84 - *********Logout from application***************
2019-10-19 06:59:41,279  INFO [main] nopcommerce:67 - *********Login Validation starts ***************
2019-10-19 06:59:41,330  INFO [main] nopcommerce:76 - *********Login successfull ***************
2019-10-19 06:59:44,350  INFO [main] nopcommerce:90 - *********Closing application ***************
2019-10-19 07:12:43,399  INFO [main] nopcommerce:65 - ********* Launching browser***************
2019-10-19 07:12:43,481  INFO [main] nopcommerce:71 - ********* Opening URL***************
2019-10-19 07:13:19,074  INFO [main] nopcommerce:79 - ********* Proving user info ***************
2019-10-19 07:13:27,624  INFO [main] nopcommerce:93 - *********Login Validation starts ***************
2019-10-19 07:13:27,650  INFO [main] nopcommerce:102 - *********Login successfull ***************
2019-10-19 07:15:23,911  INFO [main] nopcommerce:65 - ********* Launching browser***************
2019-10-19 07:15:24,011  INFO [main] nopcommerce:71 - ********* Opening URL***************
2019-10-19 07:15:26,136  INFO [main] nopcommerce:79 - ********* Proving user info ***************
2019-10-19 07:15:37,895  INFO [main] nopcommerce:93 - *********Login Validation starts ***************
2019-10-19 07:15:37,943  INFO [main] nopcommerce:102 - *********Login successfull ***************
2019-10-19 07:15:42,959  INFO [main] nopcommerce:110 - *********Logout from application***************
2019-10-19 07:15:44,606  INFO [main] nopcommerce:93 - *********Login Validation starts ***************
2019-10-19 07:15:44,660  INFO [main] nopcommerce:102 - *********Login successfull ***************
2019-10-19 07:15:49,676  INFO [main] nopcommerce:116 - *********Closing application ***************
2019-10-19 07:21:12,040  INFO [main] nopcommerce:65 - ********* Launching browser***************
2019-10-19 07:21:12,119  INFO [main] nopcommerce:71 - ********* Opening URL***************
2019-10-19 07:21:15,927  INFO [main] nopcommerce:79 - ********* Proving user info ***************
2019-10-19 07:21:27,995  INFO [main] nopcommerce:126 - ********* Adding Customer Scenario started  ***************
2019-10-19 07:21:27,996  INFO [main] nopcommerce:128 - ********* Dashboard Display validation ***************
2019-10-19 07:21:37,169  INFO [main] nopcommerce:160 - ********* Providing Customer details ***************
2019-10-19 07:21:47,008  INFO [main] nopcommerce:186 - ********* Add customer validation ***************
2019-10-19 07:21:47,316  INFO [main] nopcommerce:116 - *********Closing application ***************
2019-10-19 07:21:50,582  INFO [main] nopcommerce:65 - ********* Launching browser***************
2019-10-19 07:21:50,584  INFO [main] nopcommerce:71 - ********* Opening URL***************
2019-10-19 07:21:54,212  INFO [main] nopcommerce:79 - ********* Proving user info ***************
2019-10-19 07:22:06,579  INFO [main] nopcommerce:126 - ********* Adding Customer Scenario started  ***************
2019-10-19 07:22:06,580  INFO [main] nopcommerce:128 - ********* Dashboard Display validation ***************
2019-10-19 07:22:13,297  INFO [main] nopcommerce:195 - ********* Search Customer by Email ID Scenario started ***************
2019-10-19 07:22:17,054  INFO [main] nopcommerce:209 - ********* Search customer by email validation ***************
2019-10-19 07:22:17,146  INFO [main] nopcommerce:116 - *********Closing application ***************
2019-10-19 07:22:20,327  INFO [main] nopcommerce:65 - ********* Launching browser***************
2019-10-19 07:22:20,329  INFO [main] nopcommerce:71 - ********* Opening URL***************
2019-10-19 07:22:24,590  INFO [main] nopcommerce:79 - ********* Proving user info ***************
2019-10-19 07:22:36,115  INFO [main] nopcommerce:126 - ********* Adding Customer Scenario started  ***************
2019-10-19 07:22:36,116  INFO [main] nopcommerce:128 - ********* Dashboard Display validation ***************
2019-10-19 07:22:43,047  INFO [main] nopcommerce:217 - ********* Seqarch custoemr by Name Scenario started ***************
2019-10-19 07:22:43,390  INFO [main] nopcommerce:224 - ********* Providing customer name ***************
2019-10-19 07:22:46,708  INFO [main] nopcommerce:231 - ********* Search customer by name validation ***************
2019-10-19 07:22:46,809  INFO [main] nopcommerce:116 - *********Closing application ***************
2019-10-19 07:25:26,238  INFO [main] nopcommerce:65 - ********* Launching browser***************
2019-10-19 07:25:26,326  INFO [main] nopcommerce:71 - ********* Opening URL***************
2019-10-19 07:25:29,915  INFO [main] nopcommerce:79 - ********* Proving user info ***************
2019-10-19 07:25:41,081  INFO [main] nopcommerce:126 - ********* Adding Customer Scenario started  ***************
2019-10-19 07:25:41,083  INFO [main] nopcommerce:128 - ********* Dashboard Display validation ***************
2019-10-19 07:25:49,862  INFO [main] nopcommerce:160 - ********* Providing Customer details ***************
2019-10-19 07:25:59,679  INFO [main] nopcommerce:186 - ********* Add customer validation ***************
2019-10-19 07:25:59,968  INFO [main] nopcommerce:116 - *********Closing application ***************
2019-10-19 07:29:18,905  INFO [main] nopcommerce:65 - ********* Launching browser***************
2019-10-19 07:29:19,030  INFO [main] nopcommerce:71 - ********* Opening URL***************
2019-10-19 07:29:22,837  INFO [main] nopcommerce:79 - ********* Proving user info ***************
2019-10-19 07:29:36,416  INFO [main] nopcommerce:126 - ********* Adding Customer Scenario started  ***************
2019-10-19 07:29:36,420  INFO [main] nopcommerce:128 - ********* Dashboard Display validation ***************
2019-10-19 07:29:44,762  INFO [main] nopcommerce:160 - ********* Providing Customer details ***************
2019-10-19 07:29:55,215  INFO [main] nopcommerce:186 - ********* Add customer validation ***************
2019-10-19 07:29:55,695  INFO [main] nopcommerce:116 - *********Closing application ***************
2019-10-19 07:39:27,592  INFO [main] nopcommerce:65 - ********* Launching browser***************
2019-10-19 07:39:27,674  INFO [main] nopcommerce:71 - ********* Opening URL***************
2019-10-19 07:39:31,584  INFO [main] nopcommerce:79 - ********* Proving user info ***************
2019-10-19 07:39:43,098  INFO [main] nopcommerce:126 - ********* Adding Customer Scenario started  ***************
2019-10-19 07:39:43,100  INFO [main] nopcommerce:128 - ********* Dashboard Display validation ***************
2019-10-19 07:39:51,411  INFO [main] nopcommerce:160 - ********* Providing Customer details ***************
2019-10-19 07:40:01,144  INFO [main] nopcommerce:186 - ********* Add customer validation ***************
2019-10-19 07:40:01,427  INFO [main] nopcommerce:116 - *********Closing application ***************
2019-10-19 07:53:26,474  INFO [main] nopcommerce:65 - ********* Launching browser***************
2019-10-19 07:53:26,520  INFO [main] nopcommerce:71 - ********* Opening URL***************
2019-10-19 07:54:12,836  INFO [main] nopcommerce:65 - ********* Launching browser***************
2019-10-19 07:54:13,056  INFO [main] nopcommerce:71 - ********* Opening URL***************
2019-10-19 07:54:17,060  INFO [main] nopcommerce:79 - ********* Proving user info ***************
2019-10-19 07:54:29,774  INFO [main] nopcommerce:126 - ********* Adding Customer Scenario started  ***************
2019-10-19 07:54:29,778  INFO [main] nopcommerce:128 - ********* Dashboard Display validation ***************
2019-10-19 07:54:42,666  INFO [main] nopcommerce:160 - ********* Providing Customer details ***************
2019-10-19 07:54:52,504  INFO [main] nopcommerce:186 - ********* Add customer validation ***************
2019-10-19 07:54:52,880  INFO [main] nopcommerce:116 - *********Closing application ***************
2024-03-28 14:07:11,982  INFO [main] nopcommerce:65 - ********* Launching browser***************
2024-03-28 14:07:12,011  INFO [main] nopcommerce:71 - ********* Opening URL***************
2024-03-28 14:07:12,839  INFO [main] nopcommerce:79 - ********* Proving user info ***************
2024-03-28 14:39:33,642  INFO [main] nopcommerce:65 - ********* Launching browser***************
2024-03-28 14:39:33,675  INFO [main] nopcommerce:71 - ********* Opening URL***************
2024-03-28 14:39:34,715  INFO [main] nopcommerce:79 - ********* Proving user info ***************
2024-03-28 14:40:44,831  INFO [main] nopcommerce:65 - ********* Launching browser***************
2024-03-28 14:40:44,853  INFO [main] nopcommerce:71 - ********* Opening URL***************
2024-03-28 14:40:45,666  INFO [main] nopcommerce:79 - ********* Proving user info ***************
2024-03-28 15:07:35,473  INFO [main] nopcommerce:65 - ********* Launching browser***************
2024-03-28 15:07:35,498  INFO [main] nopcommerce:71 - ********* Opening URL***************
2024-03-28 15:07:36,413  INFO [main] nopcommerce:79 - ********* Proving user info ***************
2024-03-28 17:00:13,405  INFO [main] nopcommerce:65 - ********* Launching browser***************
2024-03-28 17:00:13,432  INFO [main] nopcommerce:71 - ********* Opening URL***************
2024-03-28 17:00:14,369  INFO [main] nopcommerce:79 - ********* Proving user info ***************
2024-03-28 17:03:25,665  INFO [main] nopcommerce:65 - ********* Launching browser***************
2024-03-28 17:03:25,694  INFO [main] nopcommerce:71 - ********* Opening URL***************
2024-03-28 17:03:26,848  INFO [main] nopcommerce:79 - ********* Proving user info ***************
2024-04-03 21:52:28,047  INFO [main] nopcommerce:41 - ********* Launching browser***************
2024-04-03 21:52:28,086  INFO [main] nopcommerce:48 - ********* Opening URL***************
2024-04-03 21:52:28,981  INFO [main] nopcommerce:55 - ********* Proving user info ***************
2024-04-03 21:52:29,265  INFO [main] nopcommerce:62 - ********* Click on login ***************
2024-04-03 21:52:35,314  INFO [main] nopcommerce:101 - ********* Adding Customer Scenario started  ***************
2024-04-03 21:52:35,317  INFO [main] nopcommerce:103 - ********* Dashboard Display validation ***************
2024-04-03 21:52:38,682  INFO [main] nopcommerce:129 - ********* Providing Customer details ***************
2024-04-03 21:52:46,500  INFO [main] nopcommerce:156 - ********* Add customer validation ***************
2024-04-03 21:52:46,931  INFO [main] nopcommerce:92 - *********Closing application ***************
2024-04-03 21:53:11,282  INFO [main] nopcommerce:41 - ********* Launching browser***************
2024-04-03 21:53:11,900  INFO [main] nopcommerce:48 - ********* Opening URL***************
2024-04-03 21:53:12,888  INFO [main] nopcommerce:55 - ********* Proving user info ***************
2024-04-03 21:53:13,436  INFO [main] nopcommerce:62 - ********* Click on login ***************
2024-04-03 21:53:19,018  INFO [main] nopcommerce:101 - ********* Adding Customer Scenario started  ***************
2024-04-03 21:53:19,042  INFO [main] nopcommerce:103 - ********* Dashboard Display validation ***************
2024-04-03 21:53:22,850  INFO [main] nopcommerce:129 - ********* Providing Customer details ***************
2024-04-03 21:53:32,012  INFO [main] nopcommerce:156 - ********* Add customer validation ***************
2024-04-03 21:53:32,459  INFO [main] nopcommerce:92 - *********Closing application ***************
2024-04-03 21:53:34,725  INFO [main] nopcommerce:41 - ********* Launching browser***************
2024-04-03 21:53:34,741  INFO [main] nopcommerce:48 - ********* Opening URL***************
2024-04-03 21:53:35,606  INFO [main] nopcommerce:55 - ********* Proving user info ***************
2024-04-03 21:53:36,109  INFO [main] nopcommerce:62 - ********* Click on login ***************
2024-04-03 21:53:42,212  INFO [main] nopcommerce:101 - ********* Adding Customer Scenario started  ***************
2024-04-03 21:53:42,218  INFO [main] nopcommerce:103 - ********* Dashboard Display validation ***************
2024-04-03 21:53:45,088  INFO [main] nopcommerce:165 - ********* Search Customer by Email ID Scenario started ***************
2024-04-03 21:54:39,828  INFO [main] nopcommerce:181 - ********* Search customer by email validation ***************
2024-04-03 21:54:40,090  INFO [main] nopcommerce:92 - *********Closing application ***************
2024-04-03 21:54:42,323  INFO [main] nopcommerce:41 - ********* Launching browser***************
2024-04-03 21:54:42,348  INFO [main] nopcommerce:48 - ********* Opening URL***************
2024-04-03 21:54:43,227  INFO [main] nopcommerce:55 - ********* Proving user info ***************
2024-04-03 21:54:43,733  INFO [main] nopcommerce:62 - ********* Click on login ***************
2024-04-03 21:54:49,349  INFO [main] nopcommerce:101 - ********* Adding Customer Scenario started  ***************
2024-04-03 21:54:49,353  INFO [main] nopcommerce:103 - ********* Dashboard Display validation ***************
2024-04-03 21:54:52,303  INFO [main] nopcommerce:188 - ********* Seqarch custoemr by Name Scenario started ***************
2024-04-03 21:54:52,806  INFO [main] nopcommerce:195 - ********* Providing customer name ***************
2024-04-03 21:54:56,334  INFO [main] nopcommerce:202 - ********* Search customer by name validation ***************
2024-04-03 21:56:13,215  INFO [main] nopcommerce:92 - *********Closing application ***************
2024-04-03 21:58:32,377  INFO [main] nopcommerce:41 - ********* Launching browser***************
2024-04-03 21:58:32,984  INFO [main] nopcommerce:48 - ********* Opening URL***************
2024-04-03 21:58:34,019  INFO [main] nopcommerce:55 - ********* Proving user info ***************
2024-04-03 21:58:34,519  INFO [main] nopcommerce:62 - ********* Click on login ***************
2024-04-03 21:58:40,390  INFO [main] nopcommerce:101 - ********* Adding Customer Scenario started  ***************
2024-04-03 21:58:40,420  INFO [main] nopcommerce:103 - ********* Dashboard Display validation ***************
2024-04-03 21:58:44,363  INFO [main] nopcommerce:129 - ********* Providing Customer details ***************
2024-04-03 21:58:53,506  INFO [main] nopcommerce:156 - ********* Add customer validation ***************
2024-04-03 21:58:53,995  INFO [main] nopcommerce:92 - *********Closing application ***************
2024-04-03 21:58:56,279  INFO [main] nopcommerce:41 - ********* Launching browser***************
2024-04-03 21:58:56,294  INFO [main] nopcommerce:48 - ********* Opening URL***************
2024-04-03 21:58:57,185  INFO [main] nopcommerce:55 - ********* Proving user info ***************
2024-04-03 21:58:57,692  INFO [main] nopcommerce:62 - ********* Click on login ***************
2024-04-03 21:59:03,819  INFO [main] nopcommerce:101 - ********* Adding Customer Scenario started  ***************
2024-04-03 21:59:03,827  INFO [main] nopcommerce:103 - ********* Dashboard Display validation ***************
2024-04-03 21:59:07,093  INFO [main] nopcommerce:165 - ********* Search Customer by Email ID Scenario started ***************
2024-04-03 21:59:10,915  INFO [main] nopcommerce:181 - ********* Search customer by email validation ***************
2024-04-03 21:59:11,149  INFO [main] nopcommerce:92 - *********Closing application ***************
2024-04-03 21:59:13,399  INFO [main] nopcommerce:41 - ********* Launching browser***************
2024-04-03 21:59:13,424  INFO [main] nopcommerce:48 - ********* Opening URL***************
2024-04-03 21:59:14,569  INFO [main] nopcommerce:55 - ********* Proving user info ***************
2024-04-03 21:59:15,060  INFO [main] nopcommerce:62 - ********* Click on login ***************
2024-04-03 21:59:21,097  INFO [main] nopcommerce:101 - ********* Adding Customer Scenario started  ***************
2024-04-03 21:59:21,103  INFO [main] nopcommerce:103 - ********* Dashboard Display validation ***************
2024-04-03 21:59:23,903  INFO [main] nopcommerce:188 - ********* Seqarch custoemr by Name Scenario started ***************
2024-04-03 21:59:24,422  INFO [main] nopcommerce:195 - ********* Providing customer name ***************
2024-04-03 21:59:27,884  INFO [main] nopcommerce:202 - ********* Search customer by name validation ***************
2024-04-03 22:02:00,326  INFO [main] nopcommerce:92 - *********Closing application ***************
2024-04-04 12:06:53,608  INFO [main] nopcommerce:75 - ********* Launching browser***************
2024-04-04 12:06:53,648  INFO [main] nopcommerce:82 - ********* Opening URL***************
2024-04-04 12:06:54,500  INFO [main] nopcommerce:89 - ********* Proving user info ***************
2024-04-04 12:06:54,823  INFO [main] nopcommerce:96 - ********* Click on login ***************
2024-04-04 12:07:01,709  INFO [main] nopcommerce:135 - ********* Adding Customer Scenario started  ***************
2024-04-04 12:07:01,712  INFO [main] nopcommerce:137 - ********* Dashboard Display validation ***************
2024-04-04 12:07:05,439  INFO [main] nopcommerce:163 - ********* Providing Customer details ***************
2024-04-04 12:07:06,916  INFO [main] nopcommerce:75 - ********* Launching browser***************
2024-04-04 12:07:06,918  INFO [main] nopcommerce:82 - ********* Opening URL***************
2024-04-04 12:07:07,795  INFO [main] nopcommerce:89 - ********* Proving user info ***************
2024-04-04 12:07:08,159  INFO [main] nopcommerce:96 - ********* Click on login ***************
2024-04-04 12:07:15,543  INFO [main] nopcommerce:135 - ********* Adding Customer Scenario started  ***************
2024-04-04 12:07:15,543  INFO [main] nopcommerce:137 - ********* Dashboard Display validation ***************
2024-04-04 12:07:18,602  INFO [main] nopcommerce:199 - ********* Search Customer by Email ID Scenario started ***************
2024-04-04 12:07:22,071  INFO [main] nopcommerce:215 - ********* Search customer by email validation ***************
2024-04-04 12:07:22,201  INFO [main] nopcommerce:126 - *********Closing application ***************
2024-04-04 12:07:24,058  INFO [main] nopcommerce:75 - ********* Launching browser***************
2024-04-04 12:07:24,060  INFO [main] nopcommerce:82 - ********* Opening URL***************
2024-04-04 12:07:24,839  INFO [main] nopcommerce:89 - ********* Proving user info ***************
2024-04-04 12:07:25,082  INFO [main] nopcommerce:96 - ********* Click on login ***************
2024-04-04 12:07:30,567  INFO [main] nopcommerce:135 - ********* Adding Customer Scenario started  ***************
2024-04-04 12:07:30,567  INFO [main] nopcommerce:137 - ********* Dashboard Display validation ***************
2024-04-04 12:07:33,540  INFO [main] nopcommerce:222 - ********* Seqarch custoemr by Name Scenario started ***************
2024-04-04 12:07:33,915  INFO [main] nopcommerce:229 - ********* Providing customer name ***************
2024-04-04 12:07:37,086  INFO [main] nopcommerce:236 - ********* Search customer by name validation ***************
2024-04-04 12:07:37,213  INFO [main] nopcommerce:126 - *********Closing application ***************
2024-04-04 12:26:57,126  INFO [main] nopcommerce:75 - ********* Launching browser***************
2024-04-04 12:26:57,155  INFO [main] nopcommerce:82 - ********* Opening URL***************
2024-04-04 12:26:58,273  INFO [main] nopcommerce:89 - ********* Proving user info ***************
2024-04-04 12:26:58,629  INFO [main] nopcommerce:96 - ********* Click on login ***************
2024-04-04 12:27:04,761  INFO [main] nopcommerce:135 - ********* Adding Customer Scenario started  ***************
2024-04-04 12:27:04,765  INFO [main] nopcommerce:137 - ********* Dashboard Display validation ***************
2024-04-04 12:27:06,041  INFO [main] nopcommerce:75 - ********* Launching browser***************
2024-04-04 12:27:06,042  INFO [main] nopcommerce:82 - ********* Opening URL***************
2024-04-04 12:27:06,788  INFO [main] nopcommerce:89 - ********* Proving user info ***************
2024-04-04 12:27:07,098  INFO [main] nopcommerce:96 - ********* Click on login ***************
2024-04-04 12:27:15,184  INFO [main] nopcommerce:135 - ********* Adding Customer Scenario started  ***************
2024-04-04 12:27:15,185  INFO [main] nopcommerce:137 - ********* Dashboard Display validation ***************
2024-04-04 12:27:18,199  INFO [main] nopcommerce:199 - ********* Search Customer by Email ID Scenario started ***************
2024-04-04 12:27:21,944  INFO [main] nopcommerce:215 - ********* Search customer by email validation ***************
2024-04-04 12:27:22,094  INFO [main] nopcommerce:126 - *********Closing application ***************
2024-04-04 12:27:23,961  INFO [main] nopcommerce:75 - ********* Launching browser***************
2024-04-04 12:27:23,964  INFO [main] nopcommerce:82 - ********* Opening URL***************
2024-04-04 12:27:24,812  INFO [main] nopcommerce:89 - ********* Proving user info ***************
2024-04-04 12:27:25,061  INFO [main] nopcommerce:96 - ********* Click on login ***************
2024-04-04 12:27:30,534  INFO [main] nopcommerce:135 - ********* Adding Customer Scenario started  ***************
2024-04-04 12:27:30,538  INFO [main] nopcommerce:137 - ********* Dashboard Display validation ***************
2024-04-04 12:27:33,412  INFO [main] nopcommerce:222 - ********* Seqarch custoemr by Name Scenario started ***************
2024-04-04 12:27:33,790  INFO [main] nopcommerce:229 - ********* Providing customer name ***************
2024-04-04 12:27:36,987  INFO [main] nopcommerce:236 - ********* Search customer by name validation ***************
2024-04-04 12:27:37,074  INFO [main] nopcommerce:126 - *********Closing application ***************
2024-04-04 12:42:27,120  INFO [main] nopcommerce:75 - ********* Launching browser***************
2024-04-04 12:42:27,146  INFO [main] nopcommerce:82 - ********* Opening URL***************
2024-04-04 12:42:28,084  INFO [main] nopcommerce:89 - ********* Proving user info ***************
2024-04-04 12:42:28,407  INFO [main] nopcommerce:96 - ********* Click on login ***************
2024-04-04 12:42:33,893  INFO [main] nopcommerce:135 - ********* Adding Customer Scenario started  ***************
2024-04-04 12:42:33,896  INFO [main] nopcommerce:137 - ********* Dashboard Display validation ***************
2024-04-04 12:42:37,278  INFO [main] nopcommerce:163 - ********* Providing Customer details ***************
2024-04-04 12:49:21,287  INFO [main] nopcommerce:75 - ********* Launching browser***************
2024-04-04 12:49:21,321  INFO [main] nopcommerce:82 - ********* Opening URL***************
2024-04-04 12:49:22,370  INFO [main] nopcommerce:89 - ********* Proving user info ***************
2024-04-04 12:49:22,638  INFO [main] nopcommerce:96 - ********* Click on login ***************
2024-04-04 12:49:33,902  INFO [main] nopcommerce:135 - ********* Adding Customer Scenario started  ***************
2024-04-04 12:49:33,905  INFO [main] nopcommerce:137 - ********* Dashboard Display validation ***************
2024-04-04 12:49:38,073  INFO [main] nopcommerce:199 - ********* Search Customer by Email ID Scenario started ***************
2024-04-04 12:49:41,689  INFO [main] nopcommerce:215 - ********* Search customer by email validation ***************
2024-04-04 12:49:41,827  INFO [main] nopcommerce:126 - *********Closing application ***************
2024-04-04 12:49:43,751  INFO [main] nopcommerce:75 - ********* Launching browser***************
2024-04-04 12:49:43,752  INFO [main] nopcommerce:82 - ********* Opening URL***************
2024-04-04 12:49:44,502  INFO [main] nopcommerce:89 - ********* Proving user info ***************
2024-04-04 12:49:44,757  INFO [main] nopcommerce:96 - ********* Click on login ***************
2024-04-04 12:49:50,965  INFO [main] nopcommerce:135 - ********* Adding Customer Scenario started  ***************
2024-04-04 12:49:50,966  INFO [main] nopcommerce:137 - ********* Dashboard Display validation ***************
2024-04-04 12:49:55,699  INFO [main] nopcommerce:222 - ********* Seqarch custoemr by Name Scenario started ***************
2024-04-04 12:49:56,178  INFO [main] nopcommerce:229 - ********* Providing customer name ***************
2024-04-04 12:49:59,331  INFO [main] nopcommerce:236 - ********* Search customer by name validation ***************
2024-04-04 12:49:59,443  INFO [main] nopcommerce:126 - *********Closing application ***************
2024-04-04 13:15:29,373  INFO [main] nopcommerce:75 - ********* Launching browser***************
2024-04-04 13:15:29,417  INFO [main] nopcommerce:82 - ********* Opening URL***************
2024-04-04 13:15:30,348  INFO [main] nopcommerce:89 - ********* Proving user info ***************
2024-04-04 13:15:30,655  INFO [main] nopcommerce:96 - ********* Click on login ***************
2024-04-04 13:15:37,092  INFO [main] nopcommerce:135 - ********* Adding Customer Scenario started  ***************
2024-04-04 13:15:37,096  INFO [main] nopcommerce:137 - ********* Dashboard Display validation ***************
2024-04-04 13:15:40,639  INFO [main] nopcommerce:163 - ********* Providing Customer details ***************
2024-04-04 13:15:42,155  INFO [main] nopcommerce:75 - ********* Launching browser***************
2024-04-04 13:15:42,158  INFO [main] nopcommerce:82 - ********* Opening URL***************
2024-04-04 13:15:43,231  INFO [main] nopcommerce:89 - ********* Proving user info ***************
2024-04-04 13:15:43,562  INFO [main] nopcommerce:96 - ********* Click on login ***************
2024-04-04 13:15:51,153  INFO [main] nopcommerce:135 - ********* Adding Customer Scenario started  ***************
2024-04-04 13:15:51,153  INFO [main] nopcommerce:137 - ********* Dashboard Display validation ***************
2024-04-04 13:15:54,629  INFO [main] nopcommerce:199 - ********* Search Customer by Email ID Scenario started ***************
2024-04-04 13:15:58,127  INFO [main] nopcommerce:215 - ********* Search customer by email validation ***************
2024-04-04 13:15:58,278  INFO [main] nopcommerce:126 - *********Closing application ***************
2024-04-04 13:16:00,302  INFO [main] nopcommerce:75 - ********* Launching browser***************
2024-04-04 13:16:00,305  INFO [main] nopcommerce:82 - ********* Opening URL***************
2024-04-04 13:16:01,153  INFO [main] nopcommerce:89 - ********* Proving user info ***************
2024-04-04 13:16:01,422  INFO [main] nopcommerce:96 - ********* Click on login ***************
2024-04-04 13:16:06,955  INFO [main] nopcommerce:135 - ********* Adding Customer Scenario started  ***************
2024-04-04 13:16:06,956  INFO [main] nopcommerce:137 - ********* Dashboard Display validation ***************
2024-04-04 13:16:09,997  INFO [main] nopcommerce:222 - ********* Seqarch custoemr by Name Scenario started ***************
2024-04-04 13:16:10,414  INFO [main] nopcommerce:229 - ********* Providing customer name ***************
2024-04-04 13:16:13,587  INFO [main] nopcommerce:236 - ********* Search customer by name validation ***************
2024-04-04 13:16:13,710  INFO [main] nopcommerce:126 - *********Closing application ***************
2024-04-04 13:18:38,041  INFO [main] nopcommerce:75 - ********* Launching browser***************
2024-04-04 13:18:38,082  INFO [main] nopcommerce:82 - ********* Opening URL***************
2024-04-04 13:18:38,970  INFO [main] nopcommerce:89 - ********* Proving user info ***************
2024-04-04 13:18:39,322  INFO [main] nopcommerce:96 - ********* Click on login ***************
2024-04-04 13:18:48,041  INFO [main] nopcommerce:135 - ********* Adding Customer Scenario started  ***************
2024-04-04 13:18:48,046  INFO [main] nopcommerce:137 - ********* Dashboard Display validation ***************
2024-04-04 13:18:52,125  INFO [main] nopcommerce:163 - ********* Providing Customer details ***************
2024-04-04 13:18:53,842  INFO [main] nopcommerce:75 - ********* Launching browser***************
2024-04-04 13:18:53,843  INFO [main] nopcommerce:82 - ********* Opening URL***************
2024-04-04 13:18:55,008  INFO [main] nopcommerce:89 - ********* Proving user info ***************
2024-04-04 13:18:55,298  INFO [main] nopcommerce:96 - ********* Click on login ***************
2024-04-04 13:19:01,305  INFO [main] nopcommerce:135 - ********* Adding Customer Scenario started  ***************
2024-04-04 13:19:01,306  INFO [main] nopcommerce:137 - ********* Dashboard Display validation ***************
2024-04-04 13:19:04,451  INFO [main] nopcommerce:199 - ********* Search Customer by Email ID Scenario started ***************
2024-04-04 13:19:07,967  INFO [main] nopcommerce:215 - ********* Search customer by email validation ***************
2024-04-04 13:19:08,035  INFO [main] nopcommerce:126 - *********Closing application ***************
2024-04-04 13:19:09,993  INFO [main] nopcommerce:75 - ********* Launching browser***************
2024-04-04 13:19:09,995  INFO [main] nopcommerce:82 - ********* Opening URL***************
2024-04-04 13:19:11,273  INFO [main] nopcommerce:89 - ********* Proving user info ***************
2024-04-04 13:19:11,508  INFO [main] nopcommerce:96 - ********* Click on login ***************
2024-04-04 13:19:19,091  INFO [main] nopcommerce:135 - ********* Adding Customer Scenario started  ***************
2024-04-04 13:19:19,092  INFO [main] nopcommerce:137 - ********* Dashboard Display validation ***************
2024-04-04 13:19:22,212  INFO [main] nopcommerce:222 - ********* Seqarch custoemr by Name Scenario started ***************
2024-04-04 13:19:22,745  INFO [main] nopcommerce:229 - ********* Providing customer name ***************
2024-04-04 13:19:25,957  INFO [main] nopcommerce:236 - ********* Search customer by name validation ***************
2024-04-04 13:19:26,025  INFO [main] nopcommerce:126 - *********Closing application ***************
2024-04-04 22:31:07,905  INFO [main] nopcommerce:75 - ********* Launching browser***************
2024-04-04 22:31:07,952  INFO [main] nopcommerce:82 - ********* Opening URL***************
2024-04-04 22:31:08,999  INFO [main] nopcommerce:89 - ********* Proving user info ***************
2024-04-04 22:31:09,298  INFO [main] nopcommerce:96 - ********* Click on login ***************
2024-04-04 22:31:19,921  INFO [main] nopcommerce:135 - ********* Adding Customer Scenario started  ***************
2024-04-04 22:31:19,928  INFO [main] nopcommerce:137 - ********* Dashboard Display validation ***************
2024-04-04 22:31:21,440  INFO [main] nopcommerce:75 - ********* Launching browser***************
2024-04-04 22:31:21,441  INFO [main] nopcommerce:82 - ********* Opening URL***************
2024-04-04 22:31:23,777  INFO [main] nopcommerce:89 - ********* Proving user info ***************
2024-04-04 22:31:24,145  INFO [main] nopcommerce:96 - ********* Click on login ***************
2024-04-04 22:31:32,715  INFO [main] nopcommerce:135 - ********* Adding Customer Scenario started  ***************
2024-04-04 22:31:32,716  INFO [main] nopcommerce:137 - ********* Dashboard Display validation ***************
2024-04-04 22:31:36,345  INFO [main] nopcommerce:199 - ********* Search Customer by Email ID Scenario started ***************
2024-04-04 22:31:39,941  INFO [main] nopcommerce:215 - ********* Search customer by email validation ***************
2024-04-04 22:31:40,062  INFO [main] nopcommerce:126 - *********Closing application ***************
2024-04-04 22:31:41,938  INFO [main] nopcommerce:75 - ********* Launching browser***************
2024-04-04 22:31:41,944  INFO [main] nopcommerce:82 - ********* Opening URL***************
2024-04-04 22:31:42,699  INFO [main] nopcommerce:89 - ********* Proving user info ***************
2024-04-04 22:31:43,000  INFO [main] nopcommerce:96 - ********* Click on login ***************
2024-04-04 22:31:52,566  INFO [main] nopcommerce:135 - ********* Adding Customer Scenario started  ***************
2024-04-04 22:31:52,567  INFO [main] nopcommerce:137 - ********* Dashboard Display validation ***************
2024-04-04 22:31:56,319  INFO [main] nopcommerce:222 - ********* Seqarch custoemr by Name Scenario started ***************
2024-04-04 22:31:56,716  INFO [main] nopcommerce:229 - ********* Providing customer name ***************
2024-04-04 22:31:59,901  INFO [main] nopcommerce:236 - ********* Search customer by name validation ***************
2024-04-04 22:32:00,006  INFO [main] nopcommerce:126 - *********Closing application ***************
